-------------------------------------------------------------------------------
Test set: com.challenge.SpringDmlApplicationTests
-------------------------------------------------------------------------------
Tests run: 1, Failures: 0, Errors: 1, Skipped: 0, Time elapsed: 1.67 s <<< FAILURE! - in com.challenge.SpringDmlApplicationTests
contextLoads(com.challenge.SpringDmlApplicationTests)  Time elapsed: 0.002 s  <<< ERROR!
java.lang.IllegalStateException: Failed to load ApplicationContext
Caused by: org.springframework.beans.factory.BeanCreationException: Error creating bean with name 'requestMappingHandlerAdapter' defined in class path resource [org/springframework/boot/autoconfigure/web/servlet/WebMvcAutoConfiguration$EnableWebMvcConfiguration.class]: Bean instantiation via factory method failed; nested exception is org.springframework.beans.BeanInstantiationException: Failed to instantiate [org.springframework.web.servlet.mvc.method.annotation.RequestMappingHandlerAdapter]: Factory method 'requestMappingHandlerAdapter' threw exception; nested exception is org.springframework.beans.factory.BeanCreationException: Error creating bean with name 'mvcConversionService' defined in class path resource [org/springframework/boot/autoconfigure/web/servlet/WebMvcAutoConfiguration$EnableWebMvcConfiguration.class]: Bean instantiation via factory method failed; nested exception is org.springframework.beans.BeanInstantiationException: Failed to instantiate [org.springframework.format.support.FormattingConversionService]: Factory method 'mvcConversionService' threw exception; nested exception is org.springframework.beans.factory.BeanCreationException: Error creating bean with name 'submissionRepository': Invocation of init method failed; nested exception is java.lang.IllegalArgumentException: Failed to create query for method public abstract java.util.Optional com.challenge.repository.SubmissionRepository.findTopByScoreSubmissionIdChallengeId(java.lang.Long)! No property submissionIdChallengeId found for type Float! Traversed path: Submission.score.
Caused by: org.springframework.beans.BeanInstantiationException: Failed to instantiate [org.springframework.web.servlet.mvc.method.annotation.RequestMappingHandlerAdapter]: Factory method 'requestMappingHandlerAdapter' threw exception; nested exception is org.springframework.beans.factory.BeanCreationException: Error creating bean with name 'mvcConversionService' defined in class path resource [org/springframework/boot/autoconfigure/web/servlet/WebMvcAutoConfiguration$EnableWebMvcConfiguration.class]: Bean instantiation via factory method failed; nested exception is org.springframework.beans.BeanInstantiationException: Failed to instantiate [org.springframework.format.support.FormattingConversionService]: Factory method 'mvcConversionService' threw exception; nested exception is org.springframework.beans.factory.BeanCreationException: Error creating bean with name 'submissionRepository': Invocation of init method failed; nested exception is java.lang.IllegalArgumentException: Failed to create query for method public abstract java.util.Optional com.challenge.repository.SubmissionRepository.findTopByScoreSubmissionIdChallengeId(java.lang.Long)! No property submissionIdChallengeId found for type Float! Traversed path: Submission.score.
Caused by: org.springframework.beans.factory.BeanCreationException: Error creating bean with name 'mvcConversionService' defined in class path resource [org/springframework/boot/autoconfigure/web/servlet/WebMvcAutoConfiguration$EnableWebMvcConfiguration.class]: Bean instantiation via factory method failed; nested exception is org.springframework.beans.BeanInstantiationException: Failed to instantiate [org.springframework.format.support.FormattingConversionService]: Factory method 'mvcConversionService' threw exception; nested exception is org.springframework.beans.factory.BeanCreationException: Error creating bean with name 'submissionRepository': Invocation of init method failed; nested exception is java.lang.IllegalArgumentException: Failed to create query for method public abstract java.util.Optional com.challenge.repository.SubmissionRepository.findTopByScoreSubmissionIdChallengeId(java.lang.Long)! No property submissionIdChallengeId found for type Float! Traversed path: Submission.score.
Caused by: org.springframework.beans.BeanInstantiationException: Failed to instantiate [org.springframework.format.support.FormattingConversionService]: Factory method 'mvcConversionService' threw exception; nested exception is org.springframework.beans.factory.BeanCreationException: Error creating bean with name 'submissionRepository': Invocation of init method failed; nested exception is java.lang.IllegalArgumentException: Failed to create query for method public abstract java.util.Optional com.challenge.repository.SubmissionRepository.findTopByScoreSubmissionIdChallengeId(java.lang.Long)! No property submissionIdChallengeId found for type Float! Traversed path: Submission.score.
Caused by: org.springframework.beans.factory.BeanCreationException: Error creating bean with name 'submissionRepository': Invocation of init method failed; nested exception is java.lang.IllegalArgumentException: Failed to create query for method public abstract java.util.Optional com.challenge.repository.SubmissionRepository.findTopByScoreSubmissionIdChallengeId(java.lang.Long)! No property submissionIdChallengeId found for type Float! Traversed path: Submission.score.
Caused by: java.lang.IllegalArgumentException: Failed to create query for method public abstract java.util.Optional com.challenge.repository.SubmissionRepository.findTopByScoreSubmissionIdChallengeId(java.lang.Long)! No property submissionIdChallengeId found for type Float! Traversed path: Submission.score.
Caused by: org.springframework.data.mapping.PropertyReferenceException: No property submissionIdChallengeId found for type Float! Traversed path: Submission.score.

